[2025-09-25 18:10:41] _apply_mesh_quality error: type object 'MeshRefinementSettings' has no attribute 'Custom'
[2025-09-25 18:10:51] _apply_mesh_quality error: type object 'MeshRefinementSettings' has no attribute 'Custom'
[2025-09-25 18:11:33] _apply_mesh_quality error: type object 'MeshRefinementSettings' has no attribute 'Low'
[2025-09-25 21:07:54] v2.16.0 _apply_obj_quality failed: type object 'MeshRefinementSettings' has no attribute 'Custom'
[2025-09-25 21:08:10] v2.16.0 _apply_obj_quality failed: type object 'MeshRefinementSettings' has no attribute 'Custom'
[2025-09-25 21:08:22] v2.16.0 _apply_stl_quality failed: type object 'MeshRefinementSettings' has no attribute 'Low'
[2025-09-25 21:09:33] v2.16.0 _apply_stl_quality failed: type object 'MeshRefinementSettings' has no attribute 'Low'
[2025-09-25 21:09:53] v2.16.0 _apply_obj_quality failed: type object 'MeshRefinementSettings' has no attribute 'Low'
[2025-09-25 21:20:03] v2.17.0 Mesh calculation failed: 'TriangleMesh' object has no attribute 'triangleNodeIndices'
[2025-09-25 21:20:03] v2.17.0 MeshCalc export failed, falling back to legacy: Mesh calculation failed for one or more bodies.
[2025-09-25 21:20:16] v2.17.0 Mesh calculation failed: 'TriangleMesh' object has no attribute 'triangleNodeIndices'
[2025-09-25 21:20:16] v2.17.0 MeshCalc export failed, falling back to legacy: Mesh calculation failed for one or more bodies.
[2025-09-25 21:20:52] v2.17.0 Mesh calculation failed: 'TriangleMesh' object has no attribute 'triangleNodeIndices'
[2025-09-25 21:20:52] v2.17.0 MeshCalc export failed, falling back to legacy: Mesh calculation failed for one or more bodies.
[2025-09-25 21:24:01] v2.17.0 Mesh calculation failed: 'TriangleMesh' object has no attribute 'triangleNodeIndices'
[2025-09-25 21:24:01] v2.17.0 MeshCalc export failed, falling back to legacy: Mesh calculation failed for one or more bodies.
[2025-09-25 21:34:02] v2.18.0 Preview error: {"phase":"parse","message":"Not STL (no facet/vertex tokens)"}
[2025-09-25 21:34:29] v2.18.0 Preview error: {"phase":"parse","message":"Not STL (no facet/vertex tokens)"}
[2025-09-25 21:34:36] v2.18.0 Preview error: {"phase":"parse","message":"Not STL (no facet/vertex tokens)"}
[2025-09-25 21:34:42] v2.18.0 Preview error: {"phase":"parse","message":"Not STL (no facet/vertex tokens)"}
[2025-09-25 21:35:23] v2.18.0 Preview error: {"phase":"parse","message":"Not STL (no facet/vertex tokens)"}
[2025-09-25 21:35:42] v2.18.0 Preview error: {"phase":"parse","message":"Not STL (no facet/vertex tokens)"}
[2025-09-25 21:36:05] v2.18.0 Preview error: {"phase":"parse","message":"Not STL (no facet/vertex tokens)"}
[2025-09-25 21:36:17] v2.18.0 Preview error: {"phase":"parse","message":"Not STL (no facet/vertex tokens)"}
[2025-09-25 21:36:31] v2.18.0 Preview error: {"phase":"parse","message":"Not STL (no facet/vertex tokens)"}
[2025-09-25 21:37:58] v2.18.0 Preview error: {"phase":"parse","message":"Not STL (no facet/vertex tokens)"}
[2025-09-25 21:38:16] v2.18.0 Preview error: {"phase":"parse","message":"Not STL (no facet/vertex tokens)"}
[2025-09-25 21:39:56] v2.18.0 Preview error: {"phase":"parse","message":"Not STL (no facet/vertex tokens)"}
[2025-10-20 01:59:54] v3.00.0 Send to slicer failed: Export failed (no file created):
C:/Users/Bill/Desktop/Ring System STLs/V6.4 OTA (C6)\BIN Cover.stl
[2025-10-20 02:00:01] v3.00.0 Send to slicer failed: Export failed (no file created):
C:/Users/Bill/Desktop/Ring System STLs/V6.4 OTA (C6)\BIN Cover.stl
[2025-10-20 02:00:05] v3.00.0 Export STL failed: Export failed (no file created):
C:/Users/Bill/Desktop/Ring System STLs/V6.4 OTA (C6)\BIN Cover.stl
